{"uuid":"59e41e27-73d9-4976-a5e8-6f5a0ece4324","historyId":"d6c35591bdf32a143bdde608165ac1d0","fullName":"Test the DemoWebShop website: Verify the Registration page","labels":[{"name":"tag","value":"tag"},{"name":"tag","value":"tag1"},{"name":"tag","value":"smoke"},{"name":"host","value":"MC9011082216"},{"name":"thread","value":"54608@MC9011082216.main(1)"},{"name":"feature","value":"Test the DemoWebShop website"},{"name":"story","value":"Verify the Registration page"},{"name":"suite","value":"Test the DemoWebShop website"},{"name":"testClass","value":"Verify the Registration page"},{"name":"framework","value":"cucumber4jvm"},{"name":"language","value":"java"},{"name":"gherkin_uri","value":"file:///C:/Users/Jnirujyogi/eclipse-workspace/nopcommerce/src/test/resources/Featurefile/nopcommerce.feature"},{"name":"package","value":"src.test.resources.Featurefile.nopcommerce_feature.Test the DemoWebShop website"}],"links":[],"name":"Verify the Registration page","status":"broken","statusDetails":{"known":false,"muted":false,"flaky":false,"message":"no such element: Unable to locate element: {\"method\":\"xpath\",\"selector\":\"//a[normalize-space()='shopping cart']\"}\n  (Session info: chrome=111.0.5563.65)\nFor documentation on this error, please visit: https://selenium.dev/exceptions/#no_such_element\nBuild info: version: '4.5.0', revision: 'fe167b119a'\nSystem info: os.name: 'Windows 10', os.arch: 'amd64', os.version: '10.0', java.version: '18'\nDriver info: org.openqa.selenium.chrome.ChromeDriver\nCommand: [625ae965ec1c9c67af281c65a04e0a4c, findElement {using=xpath, value=//a[normalize-space()='shopping cart']}]\nCapabilities {acceptInsecureCerts: false, browserName: chrome, browserVersion: 111.0.5563.65, chrome: {chromedriverVersion: 110.0.5481.77 (65ed616c6e8e..., userDataDir: C:\\Users\\JNIRUJ~1\\AppData\\L...}, goog:chromeOptions: {debuggerAddress: localhost:60046}, networkConnectionEnabled: false, pageLoadStrategy: normal, platformName: WINDOWS, proxy: Proxy(), se:cdp: ws://localhost:60046/devtoo..., se:cdpVersion: 111.0.5563.65, setWindowRect: true, strictFileInteractability: false, timeouts: {implicit: 0, pageLoad: 300000, script: 30000}, unhandledPromptBehavior: dismiss and notify, webauthn:extension:credBlob: true, webauthn:extension:largeBlob: true, webauthn:virtualAuthenticators: true}\nSession ID: 625ae965ec1c9c67af281c65a04e0a4c","trace":"org.openqa.selenium.NoSuchElementException: no such element: Unable to locate element: {\"method\":\"xpath\",\"selector\":\"//a[normalize-space()='shopping cart']\"}\n  (Session info: chrome=111.0.5563.65)\nFor documentation on this error, please visit: https://selenium.dev/exceptions/#no_such_element\nBuild info: version: '4.5.0', revision: 'fe167b119a'\nSystem info: os.name: 'Windows 10', os.arch: 'amd64', os.version: '10.0', java.version: '18'\nDriver info: org.openqa.selenium.chrome.ChromeDriver\nCommand: [625ae965ec1c9c67af281c65a04e0a4c, findElement {using=xpath, value=//a[normalize-space()='shopping cart']}]\nCapabilities {acceptInsecureCerts: false, browserName: chrome, browserVersion: 111.0.5563.65, chrome: {chromedriverVersion: 110.0.5481.77 (65ed616c6e8e..., userDataDir: C:\\Users\\JNIRUJ~1\\AppData\\L...}, goog:chromeOptions: {debuggerAddress: localhost:60046}, networkConnectionEnabled: false, pageLoadStrategy: normal, platformName: WINDOWS, proxy: Proxy(), se:cdp: ws://localhost:60046/devtoo..., se:cdpVersion: 111.0.5563.65, setWindowRect: true, strictFileInteractability: false, timeouts: {implicit: 0, pageLoad: 300000, script: 30000}, unhandledPromptBehavior: dismiss and notify, webauthn:extension:credBlob: true, webauthn:extension:largeBlob: true, webauthn:virtualAuthenticators: true}\nSession ID: 625ae965ec1c9c67af281c65a04e0a4c\r\n\tat java.base/jdk.internal.reflect.DirectConstructorHandleAccessor.newInstance(DirectConstructorHandleAccessor.java:67)\r\n\tat java.base/java.lang.reflect.Constructor.newInstanceWithCaller(Constructor.java:499)\r\n\tat java.base/java.lang.reflect.Constructor.newInstance(Constructor.java:483)\r\n\tat org.openqa.selenium.remote.codec.w3c.W3CHttpResponseCodec.createException(W3CHttpResponseCodec.java:200)\r\n\tat org.openqa.selenium.remote.codec.w3c.W3CHttpResponseCodec.decode(W3CHttpResponseCodec.java:133)\r\n\tat org.openqa.selenium.remote.codec.w3c.W3CHttpResponseCodec.decode(W3CHttpResponseCodec.java:53)\r\n\tat org.openqa.selenium.remote.HttpCommandExecutor.execute(HttpCommandExecutor.java:184)\r\n\tat org.openqa.selenium.remote.service.DriverCommandExecutor.invokeExecute(DriverCommandExecutor.java:167)\r\n\tat org.openqa.selenium.remote.service.DriverCommandExecutor.execute(DriverCommandExecutor.java:142)\r\n\tat org.openqa.selenium.remote.RemoteWebDriver.execute(RemoteWebDriver.java:547)\r\n\tat org.openqa.selenium.remote.ElementLocation$ElementFinder$2.findElement(ElementLocation.java:162)\r\n\tat org.openqa.selenium.remote.ElementLocation.findElement(ElementLocation.java:60)\r\n\tat org.openqa.selenium.remote.RemoteWebDriver.findElement(RemoteWebDriver.java:365)\r\n\tat org.openqa.selenium.remote.RemoteWebDriver.findElement(RemoteWebDriver.java:357)\r\n\tat nopcommerce.pageobjects.Booksmodule.book(Booksmodule.java:31)\r\n\tat nopcommerce.stepdefinition.Stepdefinition.click_on_a_books(Stepdefinition.java:215)\r\n\tat ✽.click on a books(file:///C:/Users/Jnirujyogi/eclipse-workspace/nopcommerce/src/test/resources/Featurefile/nopcommerce.feature:25)\r\n"},"stage":"finished","steps":[{"name":"Given  open the browser","status":"passed","statusDetails":{"known":false,"muted":false,"flaky":false},"stage":"finished","steps":[],"attachments":[],"parameters":[],"start":1679305209779,"stop":1679305213282},{"name":"When  user enter the url \"https://demo.nopcommerce.com\"","status":"passed","statusDetails":{"known":false,"muted":false,"flaky":false},"stage":"finished","steps":[],"attachments":[{"name":"586186df-073d-4728-a80f-fede2e1a783c","source":"e926ec88-7c32-429c-b813-2427cc9c8d1c-attachment"}],"parameters":[],"start":1679305213283,"stop":1679305217954},{"name":"Then  click on the Register","status":"passed","statusDetails":{"known":false,"muted":false,"flaky":false},"stage":"finished","steps":[],"attachments":[{"name":"151ba440-db61-4a11-bdae-628fca6a28b0","source":"a1120a15-a3cd-4e33-87ed-1c5849f1d58d-attachment"}],"parameters":[],"start":1679305217954,"stop":1679305221595},{"name":"When  click on the Gender","status":"passed","statusDetails":{"known":false,"muted":false,"flaky":false},"stage":"finished","steps":[],"attachments":[{"name":"99d84d42-7fa5-4b6f-883e-7ba3951348c3","source":"b011716c-5e93-423b-b100-1a859c5740ab-attachment"}],"parameters":[],"start":1679305221596,"stop":1679305224758},{"name":"Then  Enter a Firstname  \"<firstname>\"","status":"passed","statusDetails":{"known":false,"muted":false,"flaky":false},"stage":"finished","steps":[],"attachments":[{"name":"418c31e2-6a06-45fc-8197-70a576242c19","source":"050b3536-8f87-40af-8564-78837e1acd7a-attachment"}],"parameters":[],"start":1679305224758,"stop":1679305227934},{"name":"When  enter a Lastname \"<lastname>\"","status":"passed","statusDetails":{"known":false,"muted":false,"flaky":false},"stage":"finished","steps":[],"attachments":[{"name":"e9002cca-63b6-4d4d-8b0d-b23dffa3b748","source":"82798301-b32e-4e1a-abc4-535cba61a986-attachment"}],"parameters":[],"start":1679305227934,"stop":1679305231081},{"name":"Then  Enter a \"<Date-of-birth>\"","status":"passed","statusDetails":{"known":false,"muted":false,"flaky":false},"stage":"finished","steps":[],"attachments":[{"name":"dcef2f15-d1e6-45a1-9bf6-85f159b0f22f","source":"767f2946-d3f5-480d-9c5f-6b55ad97beed-attachment"}],"parameters":[],"start":1679305231081,"stop":1679305240615},{"name":"Then  Enter a Email \"<Email>\"","status":"passed","statusDetails":{"known":false,"muted":false,"flaky":false},"stage":"finished","steps":[],"attachments":[{"name":"3ca45465-9a56-4f18-a1d4-c78053659460","source":"fb03a021-b24d-49d8-ad11-87d72ab78198-attachment"}],"parameters":[],"start":1679305240615,"stop":1679305243840},{"name":"Then  Enter a company details \"<companydetails>\"","status":"passed","statusDetails":{"known":false,"muted":false,"flaky":false},"stage":"finished","steps":[],"attachments":[{"name":"47fea3b1-8d1d-4988-bf2d-5d6cd09dfce1","source":"fa84bf70-8c75-4b72-9764-17956c7ed045-attachment"}],"parameters":[],"start":1679305243840,"stop":1679305247000},{"name":"Then  Click on news letter\"<news letter>\"","status":"passed","statusDetails":{"known":false,"muted":false,"flaky":false},"stage":"finished","steps":[],"attachments":[{"name":"129a8e68-e2f8-4525-a0f1-a3e4eeb04696","source":"8a656d31-057e-4f88-97d1-3cbcf4e66e23-attachment"}],"parameters":[],"start":1679305247000,"stop":1679305247138},{"name":"When  enter the Password\"<password>\"","status":"passed","statusDetails":{"known":false,"muted":false,"flaky":false},"stage":"finished","steps":[],"attachments":[{"name":"b90d9780-25bc-4d79-baef-7c7afff4a4b5","source":"a05aec57-6094-4953-b331-7df101921410-attachment"}],"parameters":[],"start":1679305247138,"stop":1679305250293},{"name":"Then  Enter a  ConfirmPassword \"<ConfirmPassword>\"","status":"passed","statusDetails":{"known":false,"muted":false,"flaky":false},"stage":"finished","steps":[],"attachments":[{"name":"492025ba-2f38-496f-8b4d-d77e0b773bf4","source":"35154c69-63df-462b-a4be-9af729055f03-attachment"}],"parameters":[],"start":1679305250293,"stop":1679305253500},{"name":"When  click on a Register button","status":"passed","statusDetails":{"known":false,"muted":false,"flaky":false},"stage":"finished","steps":[],"attachments":[{"name":"e4d49fdc-c32c-4bcb-a9ad-a9aafff49515","source":"8a477a10-27b0-4705-885b-4ec7aed608a0-attachment"}],"parameters":[],"start":1679305253501,"stop":1679305257478},{"name":"Then  Click on the login component","status":"passed","statusDetails":{"known":false,"muted":false,"flaky":false},"stage":"finished","steps":[],"attachments":[{"name":"26c9c21e-f382-45b8-83c9-5e7c42c569ca","source":"75864007-0b1c-4d84-aa6a-1c3e6f497158-attachment"}],"parameters":[],"start":1679305257479,"stop":1679305261007},{"name":"When  Enter the  existing email \"<email>\"","status":"passed","statusDetails":{"known":false,"muted":false,"flaky":false},"stage":"finished","steps":[],"attachments":[{"name":"1558a0d2-c589-48dc-9dc9-9000da05a670","source":"c51d2fa3-c408-488b-a44e-b0e562e8fd17-attachment"}],"parameters":[],"start":1679305261007,"stop":1679305264138},{"name":"Then  Enter the existing password \"<password>\"","status":"passed","statusDetails":{"known":false,"muted":false,"flaky":false},"stage":"finished","steps":[],"attachments":[{"name":"731eb351-4675-44ca-b614-abb25296e700","source":"eff546ee-05c7-4875-98c1-e984720fe73c-attachment"}],"parameters":[],"start":1679305264138,"stop":1679305267283},{"name":"When  Click on a login button","status":"passed","statusDetails":{"known":false,"muted":false,"flaky":false},"stage":"finished","steps":[],"attachments":[{"name":"690ce4c4-73de-4762-89c8-0a8d5687ebfc","source":"3ed157c0-ebaf-4e49-9e78-0fb5b0d4b19b-attachment"}],"parameters":[],"start":1679305267283,"stop":1679305271270},{"name":"Then  click on a Computertoggle","status":"passed","statusDetails":{"known":false,"muted":false,"flaky":false},"stage":"finished","steps":[],"attachments":[{"name":"6d7b068e-7839-48ec-9ad9-017057bceaa4","source":"f8b737ee-0f25-4584-b6ca-41c836a55d08-attachment"}],"parameters":[],"start":1679305271271,"stop":1679305277693},{"name":"Then  click on a Desktop","status":"passed","statusDetails":{"known":false,"muted":false,"flaky":false},"stage":"finished","steps":[],"attachments":[{"name":"f62d2528-c629-4ea8-be38-86c579e460e5","source":"578fcf9d-a5be-4265-a221-37175750e9d7-attachment"},{"name":"9b05566b-5d55-4a25-9e5e-9e1260ac3181","source":"d96f01e7-4608-4a7f-9502-efc43901d52e-attachment"},{"name":"4f5d2749-10bc-4562-9e15-2a139b801600","source":"9cc7702c-495e-409c-9436-00fff0648df6-attachment"}],"parameters":[],"start":1679305277693,"stop":1679305344369},{"name":"Then  click on a books","status":"broken","statusDetails":{"known":false,"muted":false,"flaky":false,"message":"no such element: Unable to locate element: {\"method\":\"xpath\",\"selector\":\"//a[normalize-space()='shopping cart']\"}\n  (Session info: chrome=111.0.5563.65)\nFor documentation on this error, please visit: https://selenium.dev/exceptions/#no_such_element\nBuild info: version: '4.5.0', revision: 'fe167b119a'\nSystem info: os.name: 'Windows 10', os.arch: 'amd64', os.version: '10.0', java.version: '18'\nDriver info: org.openqa.selenium.chrome.ChromeDriver\nCommand: [625ae965ec1c9c67af281c65a04e0a4c, findElement {using=xpath, value=//a[normalize-space()='shopping cart']}]\nCapabilities {acceptInsecureCerts: false, browserName: chrome, browserVersion: 111.0.5563.65, chrome: {chromedriverVersion: 110.0.5481.77 (65ed616c6e8e..., userDataDir: C:\\Users\\JNIRUJ~1\\AppData\\L...}, goog:chromeOptions: {debuggerAddress: localhost:60046}, networkConnectionEnabled: false, pageLoadStrategy: normal, platformName: WINDOWS, proxy: Proxy(), se:cdp: ws://localhost:60046/devtoo..., se:cdpVersion: 111.0.5563.65, setWindowRect: true, strictFileInteractability: false, timeouts: {implicit: 0, pageLoad: 300000, script: 30000}, unhandledPromptBehavior: dismiss and notify, webauthn:extension:credBlob: true, webauthn:extension:largeBlob: true, webauthn:virtualAuthenticators: true}\nSession ID: 625ae965ec1c9c67af281c65a04e0a4c","trace":"org.openqa.selenium.NoSuchElementException: no such element: Unable to locate element: {\"method\":\"xpath\",\"selector\":\"//a[normalize-space()='shopping cart']\"}\n  (Session info: chrome=111.0.5563.65)\nFor documentation on this error, please visit: https://selenium.dev/exceptions/#no_such_element\nBuild info: version: '4.5.0', revision: 'fe167b119a'\nSystem info: os.name: 'Windows 10', os.arch: 'amd64', os.version: '10.0', java.version: '18'\nDriver info: org.openqa.selenium.chrome.ChromeDriver\nCommand: [625ae965ec1c9c67af281c65a04e0a4c, findElement {using=xpath, value=//a[normalize-space()='shopping cart']}]\nCapabilities {acceptInsecureCerts: false, browserName: chrome, browserVersion: 111.0.5563.65, chrome: {chromedriverVersion: 110.0.5481.77 (65ed616c6e8e..., userDataDir: C:\\Users\\JNIRUJ~1\\AppData\\L...}, goog:chromeOptions: {debuggerAddress: localhost:60046}, networkConnectionEnabled: false, pageLoadStrategy: normal, platformName: WINDOWS, proxy: Proxy(), se:cdp: ws://localhost:60046/devtoo..., se:cdpVersion: 111.0.5563.65, setWindowRect: true, strictFileInteractability: false, timeouts: {implicit: 0, pageLoad: 300000, script: 30000}, unhandledPromptBehavior: dismiss and notify, webauthn:extension:credBlob: true, webauthn:extension:largeBlob: true, webauthn:virtualAuthenticators: true}\nSession ID: 625ae965ec1c9c67af281c65a04e0a4c\r\n\tat java.base/jdk.internal.reflect.DirectConstructorHandleAccessor.newInstance(DirectConstructorHandleAccessor.java:67)\r\n\tat java.base/java.lang.reflect.Constructor.newInstanceWithCaller(Constructor.java:499)\r\n\tat java.base/java.lang.reflect.Constructor.newInstance(Constructor.java:483)\r\n\tat org.openqa.selenium.remote.codec.w3c.W3CHttpResponseCodec.createException(W3CHttpResponseCodec.java:200)\r\n\tat org.openqa.selenium.remote.codec.w3c.W3CHttpResponseCodec.decode(W3CHttpResponseCodec.java:133)\r\n\tat org.openqa.selenium.remote.codec.w3c.W3CHttpResponseCodec.decode(W3CHttpResponseCodec.java:53)\r\n\tat org.openqa.selenium.remote.HttpCommandExecutor.execute(HttpCommandExecutor.java:184)\r\n\tat org.openqa.selenium.remote.service.DriverCommandExecutor.invokeExecute(DriverCommandExecutor.java:167)\r\n\tat org.openqa.selenium.remote.service.DriverCommandExecutor.execute(DriverCommandExecutor.java:142)\r\n\tat org.openqa.selenium.remote.RemoteWebDriver.execute(RemoteWebDriver.java:547)\r\n\tat org.openqa.selenium.remote.ElementLocation$ElementFinder$2.findElement(ElementLocation.java:162)\r\n\tat org.openqa.selenium.remote.ElementLocation.findElement(ElementLocation.java:60)\r\n\tat org.openqa.selenium.remote.RemoteWebDriver.findElement(RemoteWebDriver.java:365)\r\n\tat org.openqa.selenium.remote.RemoteWebDriver.findElement(RemoteWebDriver.java:357)\r\n\tat nopcommerce.pageobjects.Booksmodule.book(Booksmodule.java:31)\r\n\tat nopcommerce.stepdefinition.Stepdefinition.click_on_a_books(Stepdefinition.java:215)\r\n\tat ✽.click on a books(file:///C:/Users/Jnirujyogi/eclipse-workspace/nopcommerce/src/test/resources/Featurefile/nopcommerce.feature:25)\r\n"},"stage":"finished","steps":[],"attachments":[],"parameters":[],"start":1679305344369,"stop":1679305352259}],"attachments":[],"parameters":[],"start":1679305209776,"stop":1679305352264}